<?xml version="1.0" encoding="UTF-8"?>
<!-- Generated by org.testng.reporters.JUnitXMLReporter -->
<testsuite ignored="2" hostname="b7fb14df237f508" failures="0" tests="1" name="Default test" time="3.302" errors="0" timestamp="2023-04-18T22:28:53 IST">
  <testcase classname="login.NewTest" name="verifyLogin" time="2.924"/>
  <testcase classname="login.NewTest" name="failedMethodToCheckScreenShot" time="0.0">
    <ignored/>
  </testcase> <!-- failedMethodToCheckScreenShot -->
  <testcase classname="login.NewTest" name="verifyTitle" time="0.0">
    <ignored/>
  </testcase> <!-- verifyTitle -->
</testsuite> <!-- Default test -->
