<?xml version="1.0" encoding="UTF-8"?>
<!-- Generated by org.testng.reporters.JUnitXMLReporter -->
<testsuite ignored="0" hostname="b7fb14df237f508" failures="1" tests="3" name="Test" time="3.356" errors="0" timestamp="2023-04-18T22:30:35 IST">
  <testcase classname="login.NewTest" name="verifyTitle" time="0.035"/>
  <testcase classname="login.NewTest" name="verifyLogin" time="2.78"/>
  <testcase classname="login.NewTest" name="failedMethodToCheckScreenShot" time="0.001">
    <failure type="java.lang.AssertionError" message="null">
      <![CDATA[java.lang.AssertionError: null
at login.NewTest.failedMethodToCheckScreenShot(NewTest.java:74)
at java.base/java.util.ArrayList.forEach(ArrayList.java:1541)
... Removed 29 stack frames]]>
    </failure>
  </testcase> <!-- failedMethodToCheckScreenShot -->
</testsuite> <!-- Test -->
