<?xml version="1.0" encoding="UTF-8"?>
<testng-results ignored="0" total="3" passed="2" failed="1" skipped="0">
  <reporter-output>
    <line>
      <![CDATA[This is the screenshot]]>
    </line>
    <line>
      <![CDATA[<a href='C:\Users\Administrator\eclipse-workspace\login\screenshots\20230418_223031.png'><img src='C:\Users\Administrator\eclipse-workspace\login\screenshots\20230418_223031.png' height='200' width='200'/> </a>]]>
    </line>
    <line>
      <![CDATA[This is the screenshot]]>
    </line>
    <line>
      <![CDATA[<a href='C:\Users\Administrator\eclipse-workspace\login\screenshots\20230418_223034.png'><img src='C:\Users\Administrator\eclipse-workspace\login\screenshots\20230418_223034.png' height='200' width='200'/> </a>]]>
    </line>
    <line>
      <![CDATA[This is the screenshot]]>
    </line>
    <line>
      <![CDATA[<a href='C:\Users\Administrator\eclipse-workspace\login\screenshots\20230418_223034.png'><img src='C:\Users\Administrator\eclipse-workspace\login\screenshots\20230418_223034.png' height='200' width='200'/> </a>]]>
    </line>
  </reporter-output>
  <suite started-at="2023-04-18T22:30:31 IST" name="Suite" finished-at="2023-04-18T22:30:35 IST" duration-ms="3356">
    <groups>
    </groups>
    <test started-at="2023-04-18T22:30:31 IST" name="Test" finished-at="2023-04-18T22:30:35 IST" duration-ms="3356">
      <class name="login.NewTest">
        <test-method is-config="true" signature="setUp()[pri:0, instance:login.NewTest@5524cca1]" started-at="2023-04-18T22:30:27 IST" name="setUp" finished-at="2023-04-18T22:30:31 IST" duration-ms="4211" status="PASS">
          <reporter-output>
          </reporter-output>
        </test-method> <!-- setUp -->
        <test-method signature="verifyTitle()[pri:0, instance:login.NewTest@5524cca1]" started-at="2023-04-18T22:30:31 IST" name="verifyTitle" finished-at="2023-04-18T22:30:31 IST" duration-ms="35" status="PASS">
          <reporter-output>
            <line>
              <![CDATA[This is the screenshot]]>
            </line>
            <line>
              <![CDATA[<a href='C:\Users\Administrator\eclipse-workspace\login\screenshots\20230418_223031.png'><img src='C:\Users\Administrator\eclipse-workspace\login\screenshots\20230418_223031.png' height='200' width='200'/> </a>]]>
            </line>
          </reporter-output>
        </test-method> <!-- verifyTitle -->
        <test-method is-config="true" signature="ScreenshotCapture(org.testng.ITestResult)[pri:0, instance:login.NewTest@5524cca1]" started-at="2023-04-18T22:30:31 IST" name="ScreenshotCapture" finished-at="2023-04-18T22:30:31 IST" duration-ms="127" status="PASS">
          <params>
            <param index="0">
              <value>
                <![CDATA[[TestResult name=verifyTitle status=SUCCESS method=NewTest.verifyTitle()[pri:0, instance:login.NewTest@5524cca1] output=This is the screenshot]]]>
              </value>
            </param>
          </params>
          <reporter-output>
          </reporter-output>
        </test-method> <!-- ScreenshotCapture -->
        <test-method signature="verifyLogin(java.lang.String,java.lang.String)[pri:1, instance:login.NewTest@5524cca1]" started-at="2023-04-18T22:30:31 IST" name="verifyLogin" data-provider="dp" finished-at="2023-04-18T22:30:34 IST" duration-ms="2780" status="PASS">
          <params>
            <param index="0">
              <value>
                <![CDATA[standard_user]]>
              </value>
            </param>
            <param index="1">
              <value>
                <![CDATA[secret_sauce]]>
              </value>
            </param>
          </params>
          <reporter-output>
            <line>
              <![CDATA[This is the screenshot]]>
            </line>
            <line>
              <![CDATA[<a href='C:\Users\Administrator\eclipse-workspace\login\screenshots\20230418_223034.png'><img src='C:\Users\Administrator\eclipse-workspace\login\screenshots\20230418_223034.png' height='200' width='200'/> </a>]]>
            </line>
          </reporter-output>
        </test-method> <!-- verifyLogin -->
        <test-method is-config="true" signature="ScreenshotCapture(org.testng.ITestResult)[pri:0, instance:login.NewTest@5524cca1]" started-at="2023-04-18T22:30:34 IST" name="ScreenshotCapture" finished-at="2023-04-18T22:30:34 IST" duration-ms="168" status="PASS">
          <params>
            <param index="0">
              <value>
                <![CDATA[[TestResult name=verifyLogin status=SUCCESS method=NewTest.verifyLogin(java.lang.String,java.lang.String)[pri:1, instance:login.NewTest@5524cca1] output=This is the screenshot]]]>
              </value>
            </param>
          </params>
          <reporter-output>
          </reporter-output>
        </test-method> <!-- ScreenshotCapture -->
        <test-method signature="failedMethodToCheckScreenShot()[pri:2, instance:login.NewTest@5524cca1]" started-at="2023-04-18T22:30:34 IST" name="failedMethodToCheckScreenShot" finished-at="2023-04-18T22:30:34 IST" duration-ms="1" status="FAIL">
          <exception class="java.lang.AssertionError">
            <message>
              <![CDATA[null]]>
            </message>
            <full-stacktrace>
              <![CDATA[java.lang.AssertionError: null
at org.testng.Assert.fail(Assert.java:110)
at org.testng.Assert.fail(Assert.java:115)
at login.NewTest.failedMethodToCheckScreenShot(NewTest.java:74)
at java.base/jdk.internal.reflect.NativeMethodAccessorImpl.invoke0(Native Method)
at java.base/jdk.internal.reflect.NativeMethodAccessorImpl.invoke(NativeMethodAccessorImpl.java:62)
at java.base/jdk.internal.reflect.DelegatingMethodAccessorImpl.invoke(DelegatingMethodAccessorImpl.java:43)
at java.base/java.lang.reflect.Method.invoke(Method.java:566)
at org.testng.internal.invokers.MethodInvocationHelper.invokeMethod(MethodInvocationHelper.java:139)
at org.testng.internal.invokers.TestInvoker.invokeMethod(TestInvoker.java:677)
at org.testng.internal.invokers.TestInvoker.invokeTestMethod(TestInvoker.java:221)
at org.testng.internal.invokers.MethodRunner.runInSequence(MethodRunner.java:50)
at org.testng.internal.invokers.TestInvoker$MethodInvocationAgent.invoke(TestInvoker.java:969)
at org.testng.internal.invokers.TestInvoker.invokeTestMethods(TestInvoker.java:194)
at org.testng.internal.invokers.TestMethodWorker.invokeTestMethods(TestMethodWorker.java:148)
at org.testng.internal.invokers.TestMethodWorker.run(TestMethodWorker.java:128)
at java.base/java.util.ArrayList.forEach(ArrayList.java:1541)
at org.testng.TestRunner.privateRun(TestRunner.java:829)
at org.testng.TestRunner.run(TestRunner.java:602)
at org.testng.SuiteRunner.runTest(SuiteRunner.java:437)
at org.testng.SuiteRunner.runSequentially(SuiteRunner.java:431)
at org.testng.SuiteRunner.privateRun(SuiteRunner.java:391)
at org.testng.SuiteRunner.run(SuiteRunner.java:330)
at org.testng.SuiteRunnerWorker.runSuite(SuiteRunnerWorker.java:52)
at org.testng.SuiteRunnerWorker.run(SuiteRunnerWorker.java:95)
at org.testng.TestNG.runSuitesSequentially(TestNG.java:1256)
at org.testng.TestNG.runSuitesLocally(TestNG.java:1176)
at org.testng.TestNG.runSuites(TestNG.java:1099)
at org.testng.TestNG.run(TestNG.java:1067)
at org.testng.remote.AbstractRemoteTestNG.run(AbstractRemoteTestNG.java:115)
at org.testng.remote.RemoteTestNG.initAndRun(RemoteTestNG.java:251)
at org.testng.remote.RemoteTestNG.main(RemoteTestNG.java:77)
]]>
            </full-stacktrace>
          </exception> <!-- java.lang.AssertionError -->
          <reporter-output>
            <line>
              <![CDATA[This is the screenshot]]>
            </line>
            <line>
              <![CDATA[<a href='C:\Users\Administrator\eclipse-workspace\login\screenshots\20230418_223034.png'><img src='C:\Users\Administrator\eclipse-workspace\login\screenshots\20230418_223034.png' height='200' width='200'/> </a>]]>
            </line>
          </reporter-output>
        </test-method> <!-- failedMethodToCheckScreenShot -->
        <test-method is-config="true" signature="ScreenshotCapture(org.testng.ITestResult)[pri:0, instance:login.NewTest@5524cca1]" started-at="2023-04-18T22:30:34 IST" name="ScreenshotCapture" finished-at="2023-04-18T22:30:35 IST" duration-ms="152" status="PASS">
          <params>
            <param index="0">
              <value>
                <![CDATA[[TestResult name=failedMethodToCheckScreenShot status=FAILURE method=NewTest.failedMethodToCheckScreenShot()[pri:2, instance:login.NewTest@5524cca1] output=This is the screenshot]]]>
              </value>
            </param>
          </params>
          <reporter-output>
          </reporter-output>
        </test-method> <!-- ScreenshotCapture -->
        <test-method is-config="true" signature="tearDown()[pri:0, instance:login.NewTest@5524cca1]" started-at="2023-04-18T22:30:35 IST" name="tearDown" finished-at="2023-04-18T22:30:35 IST" duration-ms="810" status="PASS">
          <reporter-output>
          </reporter-output>
        </test-method> <!-- tearDown -->
      </class> <!-- login.NewTest -->
    </test> <!-- Test -->
  </suite> <!-- Suite -->
</testng-results>
