<?xml version="1.0" encoding="UTF-8"?>
<testng-results ignored="0" total="1" passed="1" failed="0" skipped="0">
  <reporter-output>
    <line>
      <![CDATA[This is the path]]>
    </line>
  </reporter-output>
  <suite started-at="2023-04-11T22:48:14 IST" name="Default suite" finished-at="2023-04-11T22:48:18 IST" duration-ms="3124">
    <groups>
    </groups>
    <test started-at="2023-04-11T22:48:14 IST" name="Default test" finished-at="2023-04-11T22:48:18 IST" duration-ms="3124">
      <class name="login.NewTest">
        <test-method is-config="true" signature="setUp()[pri:0, instance:login.NewTest@413d1baf]" started-at="2023-04-11T22:48:11 IST" name="setUp" finished-at="2023-04-11T22:48:14 IST" duration-ms="3742" status="PASS">
          <reporter-output>
          </reporter-output>
        </test-method> <!-- setUp -->
        <test-method signature="testMethod(java.lang.String,java.lang.String)[pri:0, instance:login.NewTest@413d1baf]" started-at="2023-04-11T22:48:15 IST" name="testMethod" data-provider="dp" finished-at="2023-04-11T22:48:18 IST" duration-ms="3059" status="PASS">
          <params>
            <param index="0">
              <value>
                <![CDATA[standard_user]]>
              </value>
            </param>
            <param index="1">
              <value>
                <![CDATA[secret_sauce]]>
              </value>
            </param>
          </params>
          <reporter-output>
            <line>
              <![CDATA[This is the path]]>
            </line>
          </reporter-output>
        </test-method> <!-- testMethod -->
        <test-method is-config="true" signature="tearDown()[pri:0, instance:login.NewTest@413d1baf]" started-at="2023-04-11T22:48:18 IST" name="tearDown" finished-at="2023-04-11T22:48:19 IST" duration-ms="881" status="PASS">
          <reporter-output>
          </reporter-output>
        </test-method> <!-- tearDown -->
      </class> <!-- login.NewTest -->
    </test> <!-- Default test -->
  </suite> <!-- Default suite -->
</testng-results>
